[2026-05-19 20:16:44] [ERROR] uncaughtException: Cannot read properties of undefined (reading 'errorHandler')
TypeError: Cannot read properties of undefined (reading 'errorHandler')
    at getSentryErrorHandler (file:///C:/Users/ekogh/Downloads/JT%20ALWM%20TEAM%20app/backend/src/monitoring/sentry.js:64:26)
    at file:///C:/Users/ekogh/Downloads/JT%20ALWM%20TEAM%20app/backend/src/index.js:64:9
    at ModuleJob.run (node:internal/modules/esm/module_job:413:25)
    at async onImport.tracePromise.__proto__ (node:internal/modules/esm/loader:660:26)
    at async asyncRunEntryPointWithESMLoader (node:internal/modules/run_main:101:5) | error: TypeError: Cannot read properties of undefined (reading 'errorHandler')
TypeError: Cannot read properties of undefined (reading 'errorHandler')
    at getSentryErrorHandler (file:///C:/Users/ekogh/Downloads/JT%20ALWM%20TEAM%20app/backend/src/monitoring/sentry.js:64:26)
    at file:///C:/Users/ekogh/Downloads/JT%20ALWM%20TEAM%20app/backend/src/index.js:64:9
    at ModuleJob.run (node:internal/modules/esm/module_job:413:25)
    at async onImport.tracePromise.__proto__ (node:internal/modules/esm/loader:660:26)
    at async asyncRunEntryPointWithESMLoader (node:internal/modules/run_main:101:5) | {"exception":true,"date":"Tue May 19 2026 20:16:44 GMT+0200 (heure d’été d’Europe centrale)","process":{"pid":51460,"uid":null,"gid":null,"cwd":"C:\\Users\\ekogh\\Downloads\\JT ALWM TEAM app\\backend","execPath":"C:\\Program Files\\nodejs\\node.exe","version":"v24.12.0","argv":["C:\\Program Files\\nodejs\\node.exe","C:\\Users\\ekogh\\Downloads\\JT ALWM TEAM app\\backend\\src\\index.js"],"memoryUsage":{"rss":105627648,"heapTotal":60211200,"heapUsed":41080968,"external":3953505,"arrayBuffers":72018}},"os":{"loadavg":[0,0,0],"uptime":34417.14},"trace":[{"column":26,"file":"file:///C:/Users/ekogh/Downloads/JT%20ALWM%20TEAM%20app/backend/src/monitoring/sentry.js","function":"getSentryErrorHandler","line":64,"method":null,"native":false},{"column":9,"file":"file:///C:/Users/ekogh/Downloads/JT%20ALWM%20TEAM%20app/backend/src/index.js","function":null,"line":64,"method":null,"native":false},{"column":25,"file":"node:internal/modules/esm/module_job","function":"ModuleJob.run","line":413,"method":"run","native":false},{"column":26,"file":"node:internal/modules/esm/loader","function":"async onImport.tracePromise.__proto__","line":660,"method":"__proto__","native":false},{"column":5,"file":"node:internal/modules/run_main","function":"async asyncRunEntryPointWithESMLoader","line":101,"method":null,"native":false}]}
[2026-05-19 20:17:31] [ERROR] uncaughtException: Cannot read properties of undefined (reading 'errorHandler')
TypeError: Cannot read properties of undefined (reading 'errorHandler')
    at getSentryErrorHandler (file:///C:/Users/ekogh/Downloads/JT%20ALWM%20TEAM%20app/backend/src/monitoring/sentry.js:64:26)
    at file:///C:/Users/ekogh/Downloads/JT%20ALWM%20TEAM%20app/backend/src/index.js:64:9
    at ModuleJob.run (node:internal/modules/esm/module_job:413:25)
    at async onImport.tracePromise.__proto__ (node:internal/modules/esm/loader:660:26)
    at async asyncRunEntryPointWithESMLoader (node:internal/modules/run_main:101:5) | error: TypeError: Cannot read properties of undefined (reading 'errorHandler')
TypeError: Cannot read properties of undefined (reading 'errorHandler')
    at getSentryErrorHandler (file:///C:/Users/ekogh/Downloads/JT%20ALWM%20TEAM%20app/backend/src/monitoring/sentry.js:64:26)
    at file:///C:/Users/ekogh/Downloads/JT%20ALWM%20TEAM%20app/backend/src/index.js:64:9
    at ModuleJob.run (node:internal/modules/esm/module_job:413:25)
    at async onImport.tracePromise.__proto__ (node:internal/modules/esm/loader:660:26)
    at async asyncRunEntryPointWithESMLoader (node:internal/modules/run_main:101:5) | {"exception":true,"date":"Tue May 19 2026 20:17:31 GMT+0200 (heure d’été d’Europe centrale)","process":{"pid":46844,"uid":null,"gid":null,"cwd":"C:\\Users\\ekogh\\Downloads\\JT ALWM TEAM app\\backend","execPath":"C:\\Program Files\\nodejs\\node.exe","version":"v24.12.0","argv":["C:\\Program Files\\nodejs\\node.exe","C:\\Users\\ekogh\\Downloads\\JT ALWM TEAM app\\backend\\src\\index.js"],"memoryUsage":{"rss":104931328,"heapTotal":60211200,"heapUsed":40657240,"external":3953505,"arrayBuffers":72018}},"os":{"loadavg":[0,0,0],"uptime":34463.906},"trace":[{"column":26,"file":"file:///C:/Users/ekogh/Downloads/JT%20ALWM%20TEAM%20app/backend/src/monitoring/sentry.js","function":"getSentryErrorHandler","line":64,"method":null,"native":false},{"column":9,"file":"file:///C:/Users/ekogh/Downloads/JT%20ALWM%20TEAM%20app/backend/src/index.js","function":null,"line":64,"method":null,"native":false},{"column":25,"file":"node:internal/modules/esm/module_job","function":"ModuleJob.run","line":413,"method":"run","native":false},{"column":26,"file":"node:internal/modules/esm/loader","function":"async onImport.tracePromise.__proto__","line":660,"method":"__proto__","native":false},{"column":5,"file":"node:internal/modules/run_main","function":"async asyncRunEntryPointWithESMLoader","line":101,"method":null,"native":false}]}
[2026-05-19 20:18:04] [ERROR] uncaughtException: Cannot read properties of undefined (reading 'errorHandler')
TypeError: Cannot read properties of undefined (reading 'errorHandler')
    at getSentryErrorHandler (file:///C:/Users/ekogh/Downloads/JT%20ALWM%20TEAM%20app/backend/src/monitoring/sentry.js:64:26)
    at file:///C:/Users/ekogh/Downloads/JT%20ALWM%20TEAM%20app/backend/src/index.js:64:9
    at ModuleJob.run (node:internal/modules/esm/module_job:413:25)
    at async onImport.tracePromise.__proto__ (node:internal/modules/esm/loader:660:26)
    at async asyncRunEntryPointWithESMLoader (node:internal/modules/run_main:101:5) | error: TypeError: Cannot read properties of undefined (reading 'errorHandler')
TypeError: Cannot read properties of undefined (reading 'errorHandler')
    at getSentryErrorHandler (file:///C:/Users/ekogh/Downloads/JT%20ALWM%20TEAM%20app/backend/src/monitoring/sentry.js:64:26)
    at file:///C:/Users/ekogh/Downloads/JT%20ALWM%20TEAM%20app/backend/src/index.js:64:9
    at ModuleJob.run (node:internal/modules/esm/module_job:413:25)
    at async onImport.tracePromise.__proto__ (node:internal/modules/esm/loader:660:26)
    at async asyncRunEntryPointWithESMLoader (node:internal/modules/run_main:101:5) | {"exception":true,"date":"Tue May 19 2026 20:18:04 GMT+0200 (heure d’été d’Europe centrale)","process":{"pid":8292,"uid":null,"gid":null,"cwd":"C:\\Users\\ekogh\\Downloads\\JT ALWM TEAM app\\backend","execPath":"C:\\Program Files\\nodejs\\node.exe","version":"v24.12.0","argv":["C:\\Program Files\\nodejs\\node.exe","C:\\Users\\ekogh\\Downloads\\JT ALWM TEAM app\\backend\\src\\index.js"],"memoryUsage":{"rss":105619456,"heapTotal":59949056,"heapUsed":41307528,"external":3945313,"arrayBuffers":63826}},"os":{"loadavg":[0,0,0],"uptime":34497.609},"trace":[{"column":26,"file":"file:///C:/Users/ekogh/Downloads/JT%20ALWM%20TEAM%20app/backend/src/monitoring/sentry.js","function":"getSentryErrorHandler","line":64,"method":null,"native":false},{"column":9,"file":"file:///C:/Users/ekogh/Downloads/JT%20ALWM%20TEAM%20app/backend/src/index.js","function":null,"line":64,"method":null,"native":false},{"column":25,"file":"node:internal/modules/esm/module_job","function":"ModuleJob.run","line":413,"method":"run","native":false},{"column":26,"file":"node:internal/modules/esm/loader","function":"async onImport.tracePromise.__proto__","line":660,"method":"__proto__","native":false},{"column":5,"file":"node:internal/modules/run_main","function":"async asyncRunEntryPointWithESMLoader","line":101,"method":null,"native":false}]}
[2026-05-19 20:18:44] [ERROR] uncaughtException: Cannot read properties of undefined (reading 'errorHandler')
TypeError: Cannot read properties of undefined (reading 'errorHandler')
    at getSentryErrorHandler (file:///C:/Users/ekogh/Downloads/JT%20ALWM%20TEAM%20app/backend/src/monitoring/sentry.js:64:26)
    at file:///C:/Users/ekogh/Downloads/JT%20ALWM%20TEAM%20app/backend/src/index.js:64:9
    at ModuleJob.run (node:internal/modules/esm/module_job:413:25)
    at async onImport.tracePromise.__proto__ (node:internal/modules/esm/loader:660:26)
    at async asyncRunEntryPointWithESMLoader (node:internal/modules/run_main:101:5) | error: TypeError: Cannot read properties of undefined (reading 'errorHandler')
TypeError: Cannot read properties of undefined (reading 'errorHandler')
    at getSentryErrorHandler (file:///C:/Users/ekogh/Downloads/JT%20ALWM%20TEAM%20app/backend/src/monitoring/sentry.js:64:26)
    at file:///C:/Users/ekogh/Downloads/JT%20ALWM%20TEAM%20app/backend/src/index.js:64:9
    at ModuleJob.run (node:internal/modules/esm/module_job:413:25)
    at async onImport.tracePromise.__proto__ (node:internal/modules/esm/loader:660:26)
    at async asyncRunEntryPointWithESMLoader (node:internal/modules/run_main:101:5) | {"exception":true,"date":"Tue May 19 2026 20:18:44 GMT+0200 (heure d’été d’Europe centrale)","process":{"pid":51524,"uid":null,"gid":null,"cwd":"C:\\Users\\ekogh\\Downloads\\JT ALWM TEAM app\\backend","execPath":"C:\\Program Files\\nodejs\\node.exe","version":"v24.12.0","argv":["C:\\Program Files\\nodejs\\node.exe","C:\\Users\\ekogh\\Downloads\\JT ALWM TEAM app\\backend\\src\\index.js"],"memoryUsage":{"rss":103780352,"heapTotal":60211200,"heapUsed":40719288,"external":3953505,"arrayBuffers":72018}},"os":{"loadavg":[0,0,0],"uptime":34537.203},"trace":[{"column":26,"file":"file:///C:/Users/ekogh/Downloads/JT%20ALWM%20TEAM%20app/backend/src/monitoring/sentry.js","function":"getSentryErrorHandler","line":64,"method":null,"native":false},{"column":9,"file":"file:///C:/Users/ekogh/Downloads/JT%20ALWM%20TEAM%20app/backend/src/index.js","function":null,"line":64,"method":null,"native":false},{"column":25,"file":"node:internal/modules/esm/module_job","function":"ModuleJob.run","line":413,"method":"run","native":false},{"column":26,"file":"node:internal/modules/esm/loader","function":"async onImport.tracePromise.__proto__","line":660,"method":"__proto__","native":false},{"column":5,"file":"node:internal/modules/run_main","function":"async asyncRunEntryPointWithESMLoader","line":101,"method":null,"native":false}]}
[2026-05-19 20:19:42] [ERROR] uncaughtException: Cannot read properties of undefined (reading 'errorHandler')
TypeError: Cannot read properties of undefined (reading 'errorHandler')
    at getSentryErrorHandler (file:///C:/Users/ekogh/Downloads/JT%20ALWM%20TEAM%20app/backend/src/monitoring/sentry.js:64:26)
    at file:///C:/Users/ekogh/Downloads/JT%20ALWM%20TEAM%20app/backend/src/index.js:64:9
    at ModuleJob.run (node:internal/modules/esm/module_job:413:25)
    at async onImport.tracePromise.__proto__ (node:internal/modules/esm/loader:660:26)
    at async asyncRunEntryPointWithESMLoader (node:internal/modules/run_main:101:5) | error: TypeError: Cannot read properties of undefined (reading 'errorHandler')
TypeError: Cannot read properties of undefined (reading 'errorHandler')
    at getSentryErrorHandler (file:///C:/Users/ekogh/Downloads/JT%20ALWM%20TEAM%20app/backend/src/monitoring/sentry.js:64:26)
    at file:///C:/Users/ekogh/Downloads/JT%20ALWM%20TEAM%20app/backend/src/index.js:64:9
    at ModuleJob.run (node:internal/modules/esm/module_job:413:25)
    at async onImport.tracePromise.__proto__ (node:internal/modules/esm/loader:660:26)
    at async asyncRunEntryPointWithESMLoader (node:internal/modules/run_main:101:5) | {"exception":true,"date":"Tue May 19 2026 20:19:42 GMT+0200 (heure d’été d’Europe centrale)","process":{"pid":15232,"uid":null,"gid":null,"cwd":"C:\\Users\\ekogh\\Downloads\\JT ALWM TEAM app\\backend","execPath":"C:\\Program Files\\nodejs\\node.exe","version":"v24.12.0","argv":["C:\\Program Files\\nodejs\\node.exe","C:\\Users\\ekogh\\Downloads\\JT ALWM TEAM app\\backend\\src\\index.js"],"memoryUsage":{"rss":105906176,"heapTotal":59686912,"heapUsed":41233008,"external":3945438,"arrayBuffers":63951}},"os":{"loadavg":[0,0,0],"uptime":34595.421},"trace":[{"column":26,"file":"file:///C:/Users/ekogh/Downloads/JT%20ALWM%20TEAM%20app/backend/src/monitoring/sentry.js","function":"getSentryErrorHandler","line":64,"method":null,"native":false},{"column":9,"file":"file:///C:/Users/ekogh/Downloads/JT%20ALWM%20TEAM%20app/backend/src/index.js","function":null,"line":64,"method":null,"native":false},{"column":25,"file":"node:internal/modules/esm/module_job","function":"ModuleJob.run","line":413,"method":"run","native":false},{"column":26,"file":"node:internal/modules/esm/loader","function":"async onImport.tracePromise.__proto__","line":660,"method":"__proto__","native":false},{"column":5,"file":"node:internal/modules/run_main","function":"async asyncRunEntryPointWithESMLoader","line":101,"method":null,"native":false}]}
[2026-05-19 20:20:01] [ERROR] uncaughtException: Cannot read properties of undefined (reading 'errorHandler')
TypeError: Cannot read properties of undefined (reading 'errorHandler')
    at getSentryErrorHandler (file:///C:/Users/ekogh/Downloads/JT%20ALWM%20TEAM%20app/backend/src/monitoring/sentry.js:64:26)
    at file:///C:/Users/ekogh/Downloads/JT%20ALWM%20TEAM%20app/backend/src/index.js:64:9
    at ModuleJob.run (node:internal/modules/esm/module_job:413:25)
    at async onImport.tracePromise.__proto__ (node:internal/modules/esm/loader:660:26)
    at async asyncRunEntryPointWithESMLoader (node:internal/modules/run_main:101:5) | error: TypeError: Cannot read properties of undefined (reading 'errorHandler')
TypeError: Cannot read properties of undefined (reading 'errorHandler')
    at getSentryErrorHandler (file:///C:/Users/ekogh/Downloads/JT%20ALWM%20TEAM%20app/backend/src/monitoring/sentry.js:64:26)
    at file:///C:/Users/ekogh/Downloads/JT%20ALWM%20TEAM%20app/backend/src/index.js:64:9
    at ModuleJob.run (node:internal/modules/esm/module_job:413:25)
    at async onImport.tracePromise.__proto__ (node:internal/modules/esm/loader:660:26)
    at async asyncRunEntryPointWithESMLoader (node:internal/modules/run_main:101:5) | {"exception":true,"date":"Tue May 19 2026 20:20:01 GMT+0200 (heure d’été d’Europe centrale)","process":{"pid":26600,"uid":null,"gid":null,"cwd":"C:\\Users\\ekogh\\Downloads\\JT ALWM TEAM app\\backend","execPath":"C:\\Program Files\\nodejs\\node.exe","version":"v24.12.0","argv":["C:\\Program Files\\nodejs\\node.exe","C:\\Users\\ekogh\\Downloads\\JT ALWM TEAM app\\backend\\src\\index.js"],"memoryUsage":{"rss":104599552,"heapTotal":60211200,"heapUsed":41315848,"external":3953502,"arrayBuffers":72015}},"os":{"loadavg":[0,0,0],"uptime":34614.406},"trace":[{"column":26,"file":"file:///C:/Users/ekogh/Downloads/JT%20ALWM%20TEAM%20app/backend/src/monitoring/sentry.js","function":"getSentryErrorHandler","line":64,"method":null,"native":false},{"column":9,"file":"file:///C:/Users/ekogh/Downloads/JT%20ALWM%20TEAM%20app/backend/src/index.js","function":null,"line":64,"method":null,"native":false},{"column":25,"file":"node:internal/modules/esm/module_job","function":"ModuleJob.run","line":413,"method":"run","native":false},{"column":26,"file":"node:internal/modules/esm/loader","function":"async onImport.tracePromise.__proto__","line":660,"method":"__proto__","native":false},{"column":5,"file":"node:internal/modules/run_main","function":"async asyncRunEntryPointWithESMLoader","line":101,"method":null,"native":false}]}
